npm ERR! install Couldn't read dependencies
npm ERR! Linux 2.6.32-431.17.1.el6.x86_64
npm ERR! argv "node" "/usr/bin/npm" "install"
npm ERR! node v0.10.33
npm ERR! npm  v2.3.0
npm ERR! path /package.json
npm ERR! code ENOPACKAGEJSON
npm ERR! errno 34

npm ERR! package.json ENOENT, open '/package.json'
npm ERR! package.json This is most likely not a problem with npm itself.
npm ERR! package.json npm can't find a package.json file in your current directory.
npm ERR! Linux 2.6.32-431.17.1.el6.x86_64
npm ERR! argv "node" "/usr/bin/npm" "install"
npm ERR! node v0.10.33
npm ERR! npm  v2.3.0

npm ERR! Uncaught, unspecified "error" event.
npm ERR! 
npm ERR! If you need help, you may report this error at:
npm ERR!     <http://github.com/npm/npm/issues>

npm ERR! Please include the following file with any support request:
npm ERR!     /npm-debug.log
error: Forever detected script exited with code: 34
npm ERR! install Couldn't read dependencies
npm ERR! Linux 2.6.32-431.17.1.el6.x86_64
npm ERR! argv "node" "/usr/bin/npm" "install"
npm ERR! node v0.10.33
npm ERR! npm  v2.3.0
npm ERR! path /package.json
npm ERR! code ENOPACKAGEJSON
npm ERR! errno 34

npm ERR! package.json ENOENT, open '/package.json'
npm ERR! package.json This is most likely not a problem with npm itself.
npm ERR! package.json npm can't find a package.json file in your current directory.
npm ERR! Linux 2.6.32-431.17.1.el6.x86_64
npm ERR! argv "node" "/usr/bin/npm" "install"
npm ERR! node v0.10.33
npm ERR! npm  v2.3.0

npm ERR! Uncaught, unspecified "error" event.
npm ERR! 
npm ERR! If you need help, you may report this error at:
npm ERR!     <http://github.com/npm/npm/issues>

npm ERR! Please include the following file with any support request:
npm ERR!     /npm-debug.log
error: Forever detected script exited with code: 34
npm ERR! install Couldn't read dependencies
npm ERR! Linux 2.6.32-431.17.1.el6.x86_64
npm ERR! argv "node" "/usr/bin/npm" "install"
npm ERR! node v0.10.33
npm ERR! npm  v2.3.0
npm ERR! path /package.json
npm ERR! code ENOPACKAGEJSON
npm ERR! errno 34

npm ERR! package.json ENOENT, open '/package.json'
npm ERR! package.json This is most likely not a problem with npm itself.
npm ERR! package.json npm can't find a package.json file in your current directory.
npm ERR! Linux 2.6.32-431.17.1.el6.x86_64
npm ERR! argv "node" "/usr/bin/npm" "install"
npm ERR! node v0.10.33
npm ERR! npm  v2.3.0

npm ERR! Uncaught, unspecified "error" event.
npm ERR! 
npm ERR! If you need help, you may report this error at:
npm ERR!     <http://github.com/npm/npm/issues>

npm ERR! Please include the following file with any support request:
npm ERR!     /npm-debug.log
error: Forever detected script exited with code: 34
npm ERR! install Couldn't read dependencies
npm ERR! Linux 2.6.32-431.17.1.el6.x86_64
npm ERR! argv "node" "/usr/bin/npm" "install"
npm ERR! node v0.10.33
npm ERR! npm  v2.3.0
npm ERR! path /package.json
npm ERR! code ENOPACKAGEJSON
npm ERR! errno 34

npm ERR! package.json ENOENT, open '/package.json'
npm ERR! package.json This is most likely not a problem with npm itself.
npm ERR! package.json npm can't find a package.json file in your current directory.
npm ERR! Linux 2.6.32-431.17.1.el6.x86_64
npm ERR! argv "node" "/usr/bin/npm" "install"
npm ERR! node v0.10.33
npm ERR! npm  v2.3.0

npm ERR! Uncaught, unspecified "error" event.
npm ERR! 
npm ERR! If you need help, you may report this error at:
npm ERR!     <http://github.com/npm/npm/issues>

npm ERR! Please include the following file with any support request:
npm ERR!     /npm-debug.log
error: Forever detected script exited with code: 34
npm ERR! install Couldn't read dependencies
npm ERR! Linux 2.6.32-431.17.1.el6.x86_64
npm ERR! argv "node" "/usr/bin/npm" "install"
npm ERR! node v0.10.33
npm ERR! npm  v2.3.0
npm ERR! path /package.json
npm ERR! code ENOPACKAGEJSON
npm ERR! errno 34

npm ERR! package.json ENOENT, open '/package.json'
npm ERR! package.json This is most likely not a problem with npm itself.
npm ERR! package.json npm can't find a package.json file in your current directory.
npm ERR! Linux 2.6.32-431.17.1.el6.x86_64
npm ERR! argv "node" "/usr/bin/npm" "install"
npm ERR! node v0.10.33
npm ERR! npm  v2.3.0

npm ERR! Uncaught, unspecified "error" event.
npm ERR! 
npm ERR! If you need help, you may report this error at:
npm ERR!     <http://github.com/npm/npm/issues>

npm ERR! Please include the following file with any support request:
npm ERR!     /npm-debug.log
error: Forever detected script exited with code: 34
npm ERR! install Couldn't read dependencies
npm ERR! Linux 2.6.32-431.17.1.el6.x86_64
npm ERR! argv "node" "/usr/bin/npm" "install"
npm ERR! node v0.10.33
npm ERR! npm  v2.3.0
npm ERR! path /package.json
npm ERR! code ENOPACKAGEJSON
npm ERR! errno 34

npm ERR! package.json ENOENT, open '/package.json'
npm ERR! package.json This is most likely not a problem with npm itself.
npm ERR! package.json npm can't find a package.json file in your current directory.
npm ERR! Linux 2.6.32-431.17.1.el6.x86_64
npm ERR! argv "node" "/usr/bin/npm" "install"
npm ERR! node v0.10.33
npm ERR! npm  v2.3.0

npm ERR! Uncaught, unspecified "error" event.
npm ERR! 
npm ERR! If you need help, you may report this error at:
npm ERR!     <http://github.com/npm/npm/issues>

npm ERR! Please include the following file with any support request:
npm ERR!     /npm-debug.log
error: Forever detected script exited with code: 34
npm ERR! install Couldn't read dependencies
npm ERR! Linux 2.6.32-431.17.1.el6.x86_64
npm ERR! argv "node" "/usr/bin/npm" "install"
npm ERR! node v0.10.33
npm ERR! npm  v2.3.0
npm ERR! path /package.json
npm ERR! code ENOPACKAGEJSON
npm ERR! errno 34

npm ERR! package.json ENOENT, open '/package.json'
npm ERR! package.json This is most likely not a problem with npm itself.
npm ERR! package.json npm can't find a package.json file in your current directory.
npm ERR! Linux 2.6.32-431.17.1.el6.x86_64
npm ERR! argv "node" "/usr/bin/npm" "install"
npm ERR! node v0.10.33
npm ERR! npm  v2.3.0

npm ERR! Uncaught, unspecified "error" event.
npm ERR! 
npm ERR! If you need help, you may report this error at:
npm ERR!     <http://github.com/npm/npm/issues>

npm ERR! Please include the following file with any support request:
npm ERR!     /npm-debug.log
error: Forever detected script exited with code: 34
npm ERR! install Couldn't read dependencies
npm ERR! Linux 2.6.32-431.17.1.el6.x86_64
npm ERR! argv "node" "/usr/bin/npm" "install"
npm ERR! node v0.10.33
npm ERR! npm  v2.3.0
npm ERR! path /package.json
npm ERR! code ENOPACKAGEJSON
npm ERR! errno 34

npm ERR! package.json ENOENT, open '/package.json'
npm ERR! package.json This is most likely not a problem with npm itself.
npm ERR! package.json npm can't find a package.json file in your current directory.
npm ERR! Linux 2.6.32-431.17.1.el6.x86_64
npm ERR! argv "node" "/usr/bin/npm" "install"
npm ERR! node v0.10.33
npm ERR! npm  v2.3.0

npm ERR! Uncaught, unspecified "error" event.
npm ERR! 
npm ERR! If you need help, you may report this error at:
npm ERR!     <http://github.com/npm/npm/issues>

npm ERR! Please include the following file with any support request:
npm ERR!     /npm-debug.log
error: Forever detected script exited with code: 34
npm ERR! install Couldn't read dependencies
npm ERR! Linux 2.6.32-431.17.1.el6.x86_64
npm ERR! argv "node" "/usr/bin/npm" "install"
npm ERR! node v0.10.33
npm ERR! npm  v2.3.0
npm ERR! path /package.json
npm ERR! code ENOPACKAGEJSON
npm ERR! errno 34

npm ERR! package.json ENOENT, open '/package.json'
npm ERR! package.json This is most likely not a problem with npm itself.
npm ERR! package.json npm can't find a package.json file in your current directory.
npm ERR! Linux 2.6.32-431.17.1.el6.x86_64
npm ERR! argv "node" "/usr/bin/npm" "install"
npm ERR! node v0.10.33
npm ERR! npm  v2.3.0

npm ERR! Uncaught, unspecified "error" event.
npm ERR! 
npm ERR! If you need help, you may report this error at:
npm ERR!     <http://github.com/npm/npm/issues>

npm ERR! Please include the following file with any support request:
npm ERR!     /npm-debug.log
error: Forever detected script exited with code: 34
npm ERR! install Couldn't read dependencies
npm ERR! Linux 2.6.32-431.17.1.el6.x86_64
npm ERR! argv "node" "/usr/bin/npm" "install"
npm ERR! node v0.10.33
npm ERR! npm  v2.3.0
npm ERR! path /package.json
npm ERR! code ENOPACKAGEJSON
npm ERR! errno 34

npm ERR! package.json ENOENT, open '/package.json'
npm ERR! package.json This is most likely not a problem with npm itself.
npm ERR! package.json npm can't find a package.json file in your current directory.
npm ERR! Linux 2.6.32-431.17.1.el6.x86_64
npm ERR! argv "node" "/usr/bin/npm" "install"
npm ERR! node v0.10.33
npm ERR! npm  v2.3.0

npm ERR! Uncaught, unspecified "error" event.
npm ERR! 
npm ERR! If you need help, you may report this error at:
npm ERR!     <http://github.com/npm/npm/issues>

npm ERR! Please include the following file with any support request:
npm ERR!     /npm-debug.log
error: Forever detected script exited with code: 34
npm ERR! install Couldn't read dependencies
npm ERR! Linux 2.6.32-431.17.1.el6.x86_64
npm ERR! argv "node" "/usr/bin/npm" "install"
npm ERR! node v0.10.33
npm ERR! npm  v2.3.0
npm ERR! path /package.json
npm ERR! code ENOPACKAGEJSON
npm ERR! errno 34

npm ERR! package.json ENOENT, open '/package.json'
npm ERR! package.json This is most likely not a problem with npm itself.
npm ERR! package.json npm can't find a package.json file in your current directory.
npm ERR! Linux 2.6.32-431.17.1.el6.x86_64
npm ERR! argv "node" "/usr/bin/npm" "install"
npm ERR! node v0.10.33
npm ERR! npm  v2.3.0

npm ERR! Uncaught, unspecified "error" event.
npm ERR! 
npm ERR! If you need help, you may report this error at:
npm ERR!     <http://github.com/npm/npm/issues>

npm ERR! Please include the following file with any support request:
npm ERR!     /npm-debug.log
error: Forever detected script exited with code: 34
